Performing C SOURCE FILE Test CPU_CLIPS_POSITIVE failed with the following compile output:
Change Dir: /mnt/d/project/lab_sound_bridge/build/CMakeFiles/CMakeTmp

Run Build Command(s):/usr/bin/make -f Makefile cmTC_a770a/fast && /usr/bin/make  -f CMakeFiles/cmTC_a770a.dir/build.make CMakeFiles/cmTC_a770a.dir/build
make[1]: Entering directory '/mnt/d/project/lab_sound_bridge/build/CMakeFiles/CMakeTmp'
Building C object CMakeFiles/cmTC_a770a.dir/src.c.o
/usr/bin/cc -DCPU_CLIPS_POSITIVE  -fPIC  -o CMakeFiles/cmTC_a770a.dir/src.c.o -c /mnt/d/project/lab_sound_bridge/build/CMakeFiles/CMakeTmp/src.c
Linking C executable cmTC_a770a
/opt/cmake-3.22.0-linux-x86_64/bin/cmake -E cmake_link_script CMakeFiles/cmTC_a770a.dir/link.txt --verbose=1
/usr/bin/cc  -fPIC  -rdynamic CMakeFiles/cmTC_a770a.dir/src.c.o -o cmTC_a770a  -lm 
make[1]: Leaving directory '/mnt/d/project/lab_sound_bridge/build/CMakeFiles/CMakeTmp'


...and run output:

Return value: 1
Source file was:

      #include <math.h>
      int main (void)
      {   double  fval ;
          int k, ival ;

          fval = 1.0 * 0x7FFFFFFF ;
          for (k = 0 ; k < 100 ; k++)
          {   ival = (lrint (fval)) >> 24 ;
              if (ival != 127)
                  return 1 ;

              fval *= 1.2499999 ;
              } ;

              return 0 ;
          }
      
Performing C SOURCE FILE Test CPU_CLIPS_NEGATIVE failed with the following compile output:
Change Dir: /mnt/d/project/lab_sound_bridge/build/CMakeFiles/CMakeTmp

Run Build Command(s):/usr/bin/make -f Makefile cmTC_4d793/fast && /usr/bin/make  -f CMakeFiles/cmTC_4d793.dir/build.make CMakeFiles/cmTC_4d793.dir/build
make[1]: Entering directory '/mnt/d/project/lab_sound_bridge/build/CMakeFiles/CMakeTmp'
Building C object CMakeFiles/cmTC_4d793.dir/src.c.o
/usr/bin/cc -DCPU_CLIPS_NEGATIVE  -fPIC  -o CMakeFiles/cmTC_4d793.dir/src.c.o -c /mnt/d/project/lab_sound_bridge/build/CMakeFiles/CMakeTmp/src.c
Linking C executable cmTC_4d793
/opt/cmake-3.22.0-linux-x86_64/bin/cmake -E cmake_link_script CMakeFiles/cmTC_4d793.dir/link.txt --verbose=1
/usr/bin/cc  -fPIC  -rdynamic CMakeFiles/cmTC_4d793.dir/src.c.o -o cmTC_4d793  -lm 
make[1]: Leaving directory '/mnt/d/project/lab_sound_bridge/build/CMakeFiles/CMakeTmp'


...and run output:

Return value: 1
Source file was:

        #include <math.h>
        int main (void)
        {   double  fval ;
            int k, ival ;

            fval = -8.0 * 0x10000000 ;
            for (k = 0 ; k < 100 ; k++)
            {   ival = (lrint (fval)) >> 24 ;
                if (ival != -128)
                    return 1 ;

                fval *= 1.2499999 ;
                } ;

                return 0 ;
            }
        
